<?xml version="1.0" encoding="utf-8"?><testsuites name="pytest tests"><testsuite name="pytest" errors="0" failures="0" skipped="0" tests="11" time="15.303" timestamp="2026-03-17T16:53:29.259000+00:00" hostname="agent-env-0d48905d-a9b0-4994-b693-eb1cbc2d43b3"><testcase classname="backend.tests.test_log_analysis.TestAuthenticationFlow" name="test_login_success" time="0.366" /><testcase classname="backend.tests.test_log_analysis.TestAuthenticationFlow" name="test_login_invalid_credentials" time="0.074" /><testcase classname="backend.tests.test_log_analysis.TestLogAnalysisPerformance" name="test_logix_log_performance" time="0.720" /><testcase classname="backend.tests.test_log_analysis.TestLogAnalysisPerformance" name="test_appserver_log_performance" time="2.631" /><testcase classname="backend.tests.test_log_analysis.TestLogAnalysisPerformance" name="test_jboss_log_performance" time="1.286" /><testcase classname="backend.tests.test_log_analysis.TestLogAnalysisPerformance" name="test_datasul_log_performance" time="2.588" /><testcase classname="backend.tests.test_log_analysis.TestLogTypeDetection" name="test_logix_log_type_detection" time="0.560" /><testcase classname="backend.tests.test_log_analysis.TestLogTypeDetection" name="test_appserver_log_type_detection" time="2.688" /><testcase classname="backend.tests.test_log_analysis.TestLogTypeDetection" name="test_jboss_log_type_detection" time="1.313" /><testcase classname="backend.tests.test_log_analysis.TestLogTypeDetection" name="test_datasul_log_type_detection" time="2.488" /><testcase classname="backend.tests.test_log_analysis.TestAnalysisResponseStructure" name="test_analysis_response_has_required_fields" time="0.498" /></testsuite></testsuites>